Start testing: Dec 01 02:25 Hora estándar central (México)
----------------------------------------------------------
1/1 Testing: TestBuscarPatron
1/1 Test: TestBuscarPatron
Command: "C:/Users/Shaque/Documents/GitHub/Evidencia-algoritmos/build/test_runner.exe"
Directory: C:/Users/Shaque/Documents/GitHub/Evidencia-algoritmos/build/tests
"TestBuscarPatron" start time: Dec 01 02:25 Hora estándar central (México)
Output:
----------------------------------------------------------
Todas las pruebas pasaron correctamente.
<end of output>
Test time =   0.03 sec
----------------------------------------------------------
Test Passed.
"TestBuscarPatron" end time: Dec 01 02:25 Hora estándar central (México)
"TestBuscarPatron" time elapsed: 00:00:00
----------------------------------------------------------

End testing: Dec 01 02:25 Hora estándar central (México)
