TN:
SF:/c/msys64/mingw64/include/c++/14.2.0/bits/cpp_type_traits.h
FN:607,_ZSt12__miter_baseIN9__gnu_cxx17__normal_iteratorIPKiSt6vectorIiSaIiEEEEET_S8_
FNDA:0,_ZSt12__miter_baseIN9__gnu_cxx17__normal_iteratorIPKiSt6vectorIiSaIiEEEEET_S8_
FNF:1
FNH:0
DA:607,0
DA:608,0
LF:2
LH:0
end_of_record
SF:/c/msys64/mingw64/include/c++/14.2.0/bits/new_allocator.h
FN:104,_ZNSt15__new_allocatorISt6vectorIiSaIiEEED2Ev
FNDA:0,_ZNSt15__new_allocatorISt6vectorIiSaIiEEED2Ev
FN:104,_ZNSt15__new_allocatorIiED2Ev
FNDA:15,_ZNSt15__new_allocatorIiED2Ev
FN:104,_ZNSt15__new_allocatorIcED2Ev
FNDA:0,_ZNSt15__new_allocatorIcED2Ev
FN:126,_ZNSt15__new_allocatorISt6vectorIiSaIiEEE8allocateEyPKv
FNDA:0,_ZNSt15__new_allocatorISt6vectorIiSaIiEEE8allocateEyPKv
FN:126,_ZNSt15__new_allocatorIiE8allocateEyPKv
FNDA:5,_ZNSt15__new_allocatorIiE8allocateEyPKv
FN:156,_ZNSt15__new_allocatorISt6vectorIiSaIiEEE10deallocateEPS2_y
FNDA:0,_ZNSt15__new_allocatorISt6vectorIiSaIiEEE10deallocateEPS2_y
FN:156,_ZNSt15__new_allocatorIiE10deallocateEPiy
FNDA:5,_ZNSt15__new_allocatorIiE10deallocateEPiy
FNF:7
FNH:3
DA:88,8
DA:92,12
DA:104,0
DA:104,15
DA:104,0
DA:126,0
DA:134,0
DA:138,0
DA:139,0
DA:140,0
DA:151,0
DA:126,5
DA:134,5
DA:138,0
DA:139,0
DA:140,0
DA:151,5
DA:156,0
DA:172,0
DA:156,5
DA:172,5
DA:183,5
DA:233,10
LF:23
LH:10
end_of_record
SF:/c/msys64/mingw64/include/c++/14.2.0/ext/alloc_traits.h
DA:98,2
LF:1
LH:1
end_of_record
SF:/c/msys64/mingw64/include/c++/14.2.0/bits/alloc_traits.h
DA:478,5
DA:513,5
DA:570,5
DA:584,2
DA:944,5
DA:945,5
LF:6
LH:6
end_of_record
SF:/c/msys64/mingw64/include/c++/14.2.0/bits/predefined_ops.h
FN:310,_ZN9__gnu_cxx5__ops10_Iter_predIZ8manacherRKNSt7__cxx1112basic_stringIcSt11char_traitsIcESaIcEEERS7_EUlhE_EC2ESB_
FNDA:3,_ZN9__gnu_cxx5__ops10_Iter_predIZ8manacherRKNSt7__cxx1112basic_stringIcSt11char_traitsIcESaIcEEERS7_EUlhE_EC2ESB_
FN:317,_ZN9__gnu_cxx5__ops10_Iter_predIZ8manacherRKNSt7__cxx1112basic_stringIcSt11char_traitsIcESaIcEEERS7_EUlhE_EclINS_17__normal_iteratorIPcS7_EEEEbT_
FNDA:15,_ZN9__gnu_cxx5__ops10_Iter_predIZ8manacherRKNSt7__cxx1112basic_stringIcSt11char_traitsIcESaIcEEERS7_EUlhE_EclINS_17__normal_iteratorIPcS7_EEEEbT_
FN:324,_ZN9__gnu_cxx5__ops11__pred_iterIZ8manacherRKNSt7__cxx1112basic_stringIcSt11char_traitsIcESaIcEEERS7_EUlhE_EENS0_10_Iter_predIT_EESD_
FNDA:3,_ZN9__gnu_cxx5__ops11__pred_iterIZ8manacherRKNSt7__cxx1112basic_stringIcSt11char_traitsIcESaIcEEERS7_EUlhE_EENS0_10_Iter_predIT_EESD_
FNF:3
FNH:3
DA:310,3
DA:311,3
DA:312,3
DA:317,15
DA:318,15
DA:324,3
DA:325,3
LF:7
LH:7
end_of_record
SF:/c/msys64/mingw64/include/c++/14.2.0/bits/stl_algobase.h
FN:233,_ZSt3minIiERKT_S2_S2_
FNDA:14,_ZSt3minIiERKT_S2_S2_
FN:233,_ZSt3minIyERKT_S2_S2_
FNDA:5,_ZSt3minIyERKT_S2_S2_
FN:316,_ZSt12__niter_baseIPiET_S1_
FNDA:0,_ZSt12__niter_baseIPiET_S1_
FN:353,_ZSt12__niter_wrapIPiET_RKS1_S1_
FNDA:0,_ZSt12__niter_wrapIPiET_RKS1_S1_
FN:412,_ZNSt11__copy_moveILb0ELb0ESt26random_access_iterator_tagE12__assign_oneIiKiEEvPT_PT0_
FNDA:0,_ZNSt11__copy_moveILb0ELb0ESt26random_access_iterator_tagE12__assign_oneIiKiEEvPT_PT0_
FN:448,_ZNSt11__copy_moveILb0ELb1ESt26random_access_iterator_tagE8__copy_mIKiiEEPT0_PT_S7_S5_
FNDA:0,_ZNSt11__copy_moveILb0ELb1ESt26random_access_iterator_tagE8__copy_mIKiiEEPT0_PT_S7_S5_
FN:512,_ZSt14__copy_move_a2ILb0EPKiPiET1_T0_S4_S3_
FNDA:0,_ZSt14__copy_move_a2ILb0EPKiPiET1_T0_S4_S3_
FN:547,_ZSt14__copy_move_a1ILb0EPKiPiET1_T0_S4_S3_
FNDA:0,_ZSt14__copy_move_a1ILb0EPKiPiET1_T0_S4_S3_
FN:553,_ZSt13__copy_move_aILb0EN9__gnu_cxx17__normal_iteratorIPKiSt6vectorIiSaIiEEEEPiET1_T0_SA_S9_
FNDA:0,_ZSt13__copy_move_aILb0EN9__gnu_cxx17__normal_iteratorIPKiSt6vectorIiSaIiEEEEPiET1_T0_SA_S9_
FN:642,_ZSt4copyIN9__gnu_cxx17__normal_iteratorIPKiSt6vectorIiSaIiEEEEPiET0_T_SA_S9_
FNDA:0,_ZSt4copyIN9__gnu_cxx17__normal_iteratorIPKiSt6vectorIiSaIiEEEEPiET0_T_SA_S9_
FN:947,_ZSt9__fill_a1IPiiEN9__gnu_cxx11__enable_ifIXsrSt11__is_scalarIT0_E7__valueEvE6__typeET_S8_RKS4_
FNDA:5,_ZSt9__fill_a1IPiiEN9__gnu_cxx11__enable_ifIXsrSt11__is_scalarIT0_E7__valueEvE6__typeET_S8_RKS4_
FN:997,_ZSt8__fill_aIPiiEvT_S1_RKT0_
FNDA:5,_ZSt8__fill_aIPiiEvT_S1_RKT0_
FN:1044,_ZSt17__size_to_integery
FNDA:5,_ZSt17__size_to_integery
FN:1140,_ZSt10__fill_n_aIPiyiET_S1_T0_RKT1_St26random_access_iterator_tag
FNDA:5,_ZSt10__fill_n_aIPiyiET_S1_T0_RKT1_St26random_access_iterator_tag
FN:1175,_ZSt6fill_nIPiyiET_S1_T0_RKT1_
FNDA:5,_ZSt6fill_nIPiyiET_S1_T0_RKT1_
FN:2089,_ZSt9__find_ifIN9__gnu_cxx17__normal_iteratorIPcNSt7__cxx1112basic_stringIcSt11char_traitsIcESaIcEEEEENS0_5__ops10_Iter_predIZ8manacherRKS8_RS8_EUlhE_EEET_SH_SH_T0_St26random_access_iterator_tag
FNDA:3,_ZSt9__find_ifIN9__gnu_cxx17__normal_iteratorIPcNSt7__cxx1112basic_stringIcSt11char_traitsIcESaIcEEEEENS0_5__ops10_Iter_predIZ8manacherRKS8_RS8_EUlhE_EEET_SH_SH_T0_St26random_access_iterator_tag
FN:2140,_ZSt9__find_ifIN9__gnu_cxx17__normal_iteratorIPcNSt7__cxx1112basic_stringIcSt11char_traitsIcESaIcEEEEENS0_5__ops10_Iter_predIZ8manacherRKS8_RS8_EUlhE_EEET_SH_SH_T0_
FNDA:3,_ZSt9__find_ifIN9__gnu_cxx17__normal_iteratorIPcNSt7__cxx1112basic_stringIcSt11char_traitsIcESaIcEEEEENS0_5__ops10_Iter_predIZ8manacherRKS8_RS8_EUlhE_EEET_SH_SH_T0_
FN:2161,_ZSt11__remove_ifIN9__gnu_cxx17__normal_iteratorIPcNSt7__cxx1112basic_stringIcSt11char_traitsIcESaIcEEEEENS0_5__ops10_Iter_predIZ8manacherRKS8_RS8_EUlhE_EEET_SH_SH_T0_
FNDA:3,_ZSt11__remove_ifIN9__gnu_cxx17__normal_iteratorIPcNSt7__cxx1112basic_stringIcSt11char_traitsIcESaIcEEEEENS0_5__ops10_Iter_predIZ8manacherRKS8_RS8_EUlhE_EEET_SH_SH_T0_
FNF:18
FNH:10
DA:233,5
DA:238,5
DA:239,0
DA:240,5
DA:233,14
DA:238,14
DA:239,10
DA:240,4
DA:316,0
DA:318,0
DA:353,0
DA:354,0
DA:412,0
DA:413,0
DA:448,0
DA:450,0
DA:451,0
DA:452,0
DA:453,0
DA:455,0
DA:456,0
DA:512,0
DA:521,0
DA:547,0
DA:548,0
DA:553,0
DA:555,0
DA:558,0
DA:642,0
DA:651,0
DA:947,5
DA:950,5
DA:951,82
DA:952,77
DA:953,5
DA:997,5
DA:998,5
DA:1044,5
DA:1140,5
DA:1146,5
DA:1147,0
DA:1151,5
DA:1152,5
DA:1175,5
DA:1180,5
DA:1181,10
DA:2089,3
DA:2093,3
DA:2095,5
DA:2097,2
DA:2098,0
DA:2099,2
DA:2101,2
DA:2102,0
DA:2103,2
DA:2105,2
DA:2106,0
DA:2107,2
DA:2109,2
DA:2110,0
DA:2111,2
DA:2114,3
DA:2116,2
DA:2117,2
DA:2118,0
DA:2119,2
DA:2121,2
DA:2122,2
DA:2123,0
DA:2124,2
DA:2126,3
DA:2127,3
DA:2128,0
DA:2129,3
DA:2131,3
DA:2133,3
DA:2140,3
DA:2142,3
DA:2143,3
DA:2161,3
DA:2164,3
DA:2165,3
DA:2166,3
DA:2167,0
DA:2168,0
DA:2169,0
DA:2170,0
DA:2172,0
DA:2173,0
DA:2175,0
LF:90
LH:52
end_of_record
SF:/c/msys64/mingw64/include/c++/14.2.0/bits/basic_string.h
FN:646,_ZNSt7__cxx1112basic_stringIcSt11char_traitsIcESaIcEEC1IS3_EEPKcRKS3_
FNDA:0,_ZNSt7__cxx1112basic_stringIcSt11char_traitsIcESaIcEEC1IS3_EEPKcRKS3_
FN:3573,_ZSt12__str_concatINSt7__cxx1112basic_stringIcSt11char_traitsIcESaIcEEEET_PKNS6_10value_typeENS6_9size_typeES9_SA_RKNS6_14allocator_typeE
FNDA:2,_ZSt12__str_concatINSt7__cxx1112basic_stringIcSt11char_traitsIcESaIcEEEET_PKNS6_10value_typeENS6_9size_typeES9_SA_RKNS6_14allocator_typeE
FN:3652,_ZStplIcSt11char_traitsIcESaIcEENSt7__cxx1112basic_stringIT_T0_T1_EERKS8_PKS5_
FNDA:2,_ZStplIcSt11char_traitsIcESaIcEENSt7__cxx1112basic_stringIT_T0_T1_EERKS8_PKS5_
FN:3682,_ZStplIcSt11char_traitsIcESaIcEENSt7__cxx1112basic_stringIT_T0_T1_EEOS8_RKS8_
FNDA:2,_ZStplIcSt11char_traitsIcESaIcEENSt7__cxx1112basic_stringIT_T0_T1_EEOS8_RKS8_
FNF:4
FNH:3
DA:360,0
DA:646,0
DA:647,0
DA:650,0
DA:651,0
DA:653,0
DA:654,0
DA:655,0
DA:3573,2
DA:3581,2
DA:3582,2
DA:3583,2
DA:3584,2
DA:3585,2
DA:3586,0
DA:3652,2
DA:3659,4
DA:3682,2
DA:3684,2
LF:19
LH:10
end_of_record
SF:/c/msys64/mingw64/include/c++/14.2.0/bits/stl_iterator_base_types.h
DA:240,8
LF:1
LH:1
end_of_record
SF:/c/msys64/mingw64/include/c++/14.2.0/bits/stl_iterator.h
FN:1067,_ZN9__gnu_cxx17__normal_iteratorIPKiSt6vectorIiSaIiEEEC1ERKS2_
FNDA:0,_ZN9__gnu_cxx17__normal_iteratorIPKiSt6vectorIiSaIiEEEC1ERKS2_
FN:1074,_ZN9__gnu_cxx17__normal_iteratorIPKcNSt7__cxx1112basic_stringIcSt11char_traitsIcESaIcEEEEC1IPcvEERKNS0_IT_S8_EE
FNDA:6,_ZN9__gnu_cxx17__normal_iteratorIPKcNSt7__cxx1112basic_stringIcSt11char_traitsIcESaIcEEEEC1IPcvEERKNS0_IT_S8_EE
FN:1090,_ZNK9__gnu_cxx17__normal_iteratorIPcNSt7__cxx1112basic_stringIcSt11char_traitsIcESaIcEEEEdeEv
FNDA:15,_ZNK9__gnu_cxx17__normal_iteratorIPcNSt7__cxx1112basic_stringIcSt11char_traitsIcESaIcEEEEdeEv
FN:1090,_ZNK9__gnu_cxx17__normal_iteratorIPKcNSt7__cxx1112basic_stringIcSt11char_traitsIcESaIcEEEEdeEv
FNDA:19,_ZNK9__gnu_cxx17__normal_iteratorIPKcNSt7__cxx1112basic_stringIcSt11char_traitsIcESaIcEEEEdeEv
FN:1100,_ZN9__gnu_cxx17__normal_iteratorIPcNSt7__cxx1112basic_stringIcSt11char_traitsIcESaIcEEEEppEv
FNDA:15,_ZN9__gnu_cxx17__normal_iteratorIPcNSt7__cxx1112basic_stringIcSt11char_traitsIcESaIcEEEEppEv
FN:1100,_ZN9__gnu_cxx17__normal_iteratorIPKcNSt7__cxx1112basic_stringIcSt11char_traitsIcESaIcEEEEppEv
FNDA:19,_ZN9__gnu_cxx17__normal_iteratorIPKcNSt7__cxx1112basic_stringIcSt11char_traitsIcESaIcEEEEppEv
FN:1153,_ZNK9__gnu_cxx17__normal_iteratorIPKiSt6vectorIiSaIiEEE4baseEv
FNDA:0,_ZNK9__gnu_cxx17__normal_iteratorIPKiSt6vectorIiSaIiEEE4baseEv
FN:1153,_ZNK9__gnu_cxx17__normal_iteratorIPcNSt7__cxx1112basic_stringIcSt11char_traitsIcESaIcEEEE4baseEv
FNDA:24,_ZNK9__gnu_cxx17__normal_iteratorIPcNSt7__cxx1112basic_stringIcSt11char_traitsIcESaIcEEEE4baseEv
FN:1153,_ZNK9__gnu_cxx17__normal_iteratorIPKcNSt7__cxx1112basic_stringIcSt11char_traitsIcESaIcEEEE4baseEv
FNDA:44,_ZNK9__gnu_cxx17__normal_iteratorIPKcNSt7__cxx1112basic_stringIcSt11char_traitsIcESaIcEEEE4baseEv
FN:1216,_ZN9__gnu_cxxeqIPcNSt7__cxx1112basic_stringIcSt11char_traitsIcESaIcEEEEEbRKNS_17__normal_iteratorIT_T0_EESD_
FNDA:3,_ZN9__gnu_cxxeqIPcNSt7__cxx1112basic_stringIcSt11char_traitsIcESaIcEEEEEbRKNS_17__normal_iteratorIT_T0_EESD_
FN:1232,_ZN9__gnu_cxxneIPcNSt7__cxx1112basic_stringIcSt11char_traitsIcESaIcEEEEEbRKNS_17__normal_iteratorIT_T0_EESD_
FNDA:0,_ZN9__gnu_cxxneIPcNSt7__cxx1112basic_stringIcSt11char_traitsIcESaIcEEEEEbRKNS_17__normal_iteratorIT_T0_EESD_
FN:1232,_ZN9__gnu_cxxneIPKcNSt7__cxx1112basic_stringIcSt11char_traitsIcESaIcEEEEEbRKNS_17__normal_iteratorIT_T0_EESE_
FNDA:22,_ZN9__gnu_cxxneIPKcNSt7__cxx1112basic_stringIcSt11char_traitsIcESaIcEEEEEbRKNS_17__normal_iteratorIT_T0_EESE_
FN:1325,_ZN9__gnu_cxxmiIPcNSt7__cxx1112basic_stringIcSt11char_traitsIcESaIcEEEEENS_17__normal_iteratorIT_T0_E15difference_typeERKSB_SE_
FNDA:6,_ZN9__gnu_cxxmiIPcNSt7__cxx1112basic_stringIcSt11char_traitsIcESaIcEEEEENS_17__normal_iteratorIT_T0_E15difference_typeERKSB_SE_
FN:1348,_ZSt12__niter_baseIPKiSt6vectorIiSaIiEEET_N9__gnu_cxx17__normal_iteratorIS5_T0_EE
FNDA:0,_ZSt12__niter_baseIPKiSt6vectorIiSaIiEEET_N9__gnu_cxx17__normal_iteratorIS5_T0_EE
FNF:14
FNH:10
DA:1067,0
DA:1068,0
DA:1074,6
DA:1085,6
DA:1090,15
DA:1091,15
DA:1090,19
DA:1091,19
DA:1100,15
DA:1102,15
DA:1103,15
DA:1100,19
DA:1102,19
DA:1103,19
DA:1153,0
DA:1154,0
DA:1153,24
DA:1154,24
DA:1153,44
DA:1154,44
DA:1216,3
DA:1219,3
DA:1232,0
DA:1235,0
DA:1232,22
DA:1235,22
DA:1325,6
DA:1328,6
DA:1348,0
DA:1350,0
LF:30
LH:22
end_of_record
SF:/c/msys64/mingw64/include/c++/14.2.0/bits/char_traits.h
FN:136,_ZN9__gnu_cxx11char_traitsIcE2eqERKcS3_
FNDA:0,_ZN9__gnu_cxx11char_traitsIcE2eqERKcS3_
FN:199,_ZN9__gnu_cxx11char_traitsIcE6lengthEPKc
FNDA:0,_ZN9__gnu_cxx11char_traitsIcE6lengthEPKc
FN:385,_ZNSt11char_traitsIcE6lengthEPKc
FNDA:0,_ZNSt11char_traitsIcE6lengthEPKc
FN:419,_ZNSt11char_traitsIcE4copyEPcPKcy
FNDA:0,_ZNSt11char_traitsIcE4copyEPcPKcy
FNF:4
FNH:0
DA:136,0
DA:137,0
DA:199,0
DA:202,0
DA:203,0
DA:204,0
DA:205,0
DA:385,0
DA:388,0
DA:389,0
DA:391,0
DA:419,0
DA:421,0
DA:422,0
DA:427,0
LF:15
LH:0
end_of_record
SF:/c/msys64/mingw64/include/c++/14.2.0/bits/basic_string.tcc
FN:221,_ZNSt7__cxx1112basic_stringIcSt11char_traitsIcESaIcEE12_M_constructIPKcEEvT_S8_St20forward_iterator_tag
FNDA:0,_ZNSt7__cxx1112basic_stringIcSt11char_traitsIcESaIcEE12_M_constructIPKcEEvT_S8_St20forward_iterator_tag
FN:239,_ZZNSt7__cxx1112basic_stringIcSt11char_traitsIcESaIcEE12_M_constructIPKcEEvT_S8_St20forward_iterator_tagEN6_GuardC1EPS4_
FNDA:0,_ZZNSt7__cxx1112basic_stringIcSt11char_traitsIcESaIcEE12_M_constructIPKcEEvT_S8_St20forward_iterator_tagEN6_GuardC1EPS4_
FN:242,_ZZNSt7__cxx1112basic_stringIcSt11char_traitsIcESaIcEE12_M_constructIPKcEEvT_S8_St20forward_iterator_tagEN6_GuardD1Ev
FNDA:0,_ZZNSt7__cxx1112basic_stringIcSt11char_traitsIcESaIcEE12_M_constructIPKcEEvT_S8_St20forward_iterator_tagEN6_GuardD1Ev
FNF:3
FNH:0
DA:221,0
DA:225,0
DA:227,0
DA:229,0
DA:230,0
DA:239,0
DA:242,0
DA:245,0
DA:247,0
DA:249,0
DA:251,0
DA:252,0
LF:12
LH:0
end_of_record
SF:/c/msys64/mingw64/include/c++/14.2.0/bits/stl_algo.h
FN:822,_ZSt9remove_ifIN9__gnu_cxx17__normal_iteratorIPcNSt7__cxx1112basic_stringIcSt11char_traitsIcESaIcEEEEEZ8manacherRKS8_RS8_EUlhE_ET_SE_SE_T0_
FNDA:3,_ZSt9remove_ifIN9__gnu_cxx17__normal_iteratorIPcNSt7__cxx1112basic_stringIcSt11char_traitsIcESaIcEEEEEZ8manacherRKS8_RS8_EUlhE_ET_SE_SE_T0_
FNF:1
FNH:1
DA:822,3
DA:832,3
DA:833,3
LF:3
LH:3
end_of_record
SF:/c/msys64/mingw64/include/c++/14.2.0/bits/stl_pair.h
FN:881,_ZNSt4pairIiiEC1IiiLb1EEEOT_OT0_
FNDA:3,_ZNSt4pairIiiEC1IiiLb1EEEOT_OT0_
FNF:1
FNH:1
DA:881,3
DA:882,3
DA:883,3
LF:3
LH:3
end_of_record
SF:/c/msys64/mingw64/include/c++/14.2.0/x86_64-w64-mingw32/bits/c++config.h
DA:550,0
LF:1
LH:0
end_of_record
SF:/c/msys64/mingw64/include/c++/14.2.0/bits/stl_vector.h
FN:98,_ZNSt12_Vector_baseISt6vectorIiSaIiEESaIS2_EE17_Vector_impl_dataC2Ev
FNDA:0,_ZNSt12_Vector_baseISt6vectorIiSaIiEESaIS2_EE17_Vector_impl_dataC2Ev
FN:98,_ZNSt12_Vector_baseIiSaIiEE17_Vector_impl_dataC2Ev
FNDA:5,_ZNSt12_Vector_baseIiSaIiEE17_Vector_impl_dataC2Ev
FN:145,_ZNSt12_Vector_baseISt6vectorIiSaIiEESaIS2_EE12_Vector_implC1ERKS3_
FNDA:0,_ZNSt12_Vector_baseISt6vectorIiSaIiEESaIS2_EE12_Vector_implC1ERKS3_
FN:145,_ZNSt12_Vector_baseIiSaIiEE12_Vector_implC1ERKS0_
FNDA:5,_ZNSt12_Vector_baseIiSaIiEE12_Vector_implC1ERKS0_
FN:300,_ZNSt12_Vector_baseIiSaIiEE19_M_get_Tp_allocatorEv
FNDA:10,_ZNSt12_Vector_baseIiSaIiEE19_M_get_Tp_allocatorEv
FN:300,_ZNSt12_Vector_baseISt6vectorIiSaIiEESaIS2_EE19_M_get_Tp_allocatorEv
FNDA:0,_ZNSt12_Vector_baseISt6vectorIiSaIiEESaIS2_EE19_M_get_Tp_allocatorEv
FN:305,_ZNKSt12_Vector_baseIiSaIiEE19_M_get_Tp_allocatorEv
FNDA:0,_ZNKSt12_Vector_baseIiSaIiEE19_M_get_Tp_allocatorEv
FN:332,_ZNSt12_Vector_baseIiSaIiEEC2EyRKS0_
FNDA:5,_ZNSt12_Vector_baseIiSaIiEEC2EyRKS0_
FN:332,_ZNSt12_Vector_baseISt6vectorIiSaIiEESaIS2_EEC2EyRKS3_
FNDA:0,_ZNSt12_Vector_baseISt6vectorIiSaIiEESaIS2_EEC2EyRKS3_
FN:366,_ZNSt12_Vector_baseISt6vectorIiSaIiEESaIS2_EED2Ev
FNDA:0,_ZNSt12_Vector_baseISt6vectorIiSaIiEESaIS2_EED2Ev
FN:366,_ZNSt12_Vector_baseIiSaIiEED2Ev
FNDA:5,_ZNSt12_Vector_baseIiSaIiEED2Ev
FN:377,_ZNSt12_Vector_baseISt6vectorIiSaIiEESaIS2_EE11_M_allocateEy
FNDA:0,_ZNSt12_Vector_baseISt6vectorIiSaIiEESaIS2_EE11_M_allocateEy
FN:377,_ZNSt12_Vector_baseIiSaIiEE11_M_allocateEy
FNDA:5,_ZNSt12_Vector_baseIiSaIiEE11_M_allocateEy
FN:385,_ZNSt12_Vector_baseISt6vectorIiSaIiEESaIS2_EE13_M_deallocateEPS2_y
FNDA:0,_ZNSt12_Vector_baseISt6vectorIiSaIiEESaIS2_EE13_M_deallocateEPS2_y
FN:385,_ZNSt12_Vector_baseIiSaIiEE13_M_deallocateEPiy
FNDA:5,_ZNSt12_Vector_baseIiSaIiEE13_M_deallocateEPiy
FN:396,_ZNSt12_Vector_baseIiSaIiEE17_M_create_storageEy
FNDA:5,_ZNSt12_Vector_baseIiSaIiEE17_M_create_storageEy
FN:396,_ZNSt12_Vector_baseISt6vectorIiSaIiEESaIS2_EE17_M_create_storageEy
FNDA:0,_ZNSt12_Vector_baseISt6vectorIiSaIiEESaIS2_EE17_M_create_storageEy
FN:556,_ZNSt6vectorIiSaIiEEC1EyRKS0_
FNDA:2,_ZNSt6vectorIiSaIiEEC1EyRKS0_
FN:569,_ZNSt6vectorIiSaIiEEC1EyRKiRKS0_
FNDA:3,_ZNSt6vectorIiSaIiEEC1EyRKiRKS0_
FN:569,_ZNSt6vectorIS_IiSaIiEESaIS1_EEC1EyRKS1_RKS2_
FNDA:0,_ZNSt6vectorIS_IiSaIiEESaIS1_EEC1EyRKS1_RKS2_
FN:601,_ZNSt6vectorIiSaIiEEC1ERKS1_
FNDA:0,_ZNSt6vectorIiSaIiEEC1ERKS1_
FN:733,_ZNSt6vectorIiSaIiEED1Ev
FNDA:5,_ZNSt6vectorIiSaIiEED1Ev
FN:733,_ZNSt6vectorIS_IiSaIiEESaIS1_EED1Ev
FNDA:0,_ZNSt6vectorIS_IiSaIiEESaIS1_EED1Ev
FN:883,_ZNKSt6vectorIiSaIiEE5beginEv
FNDA:0,_ZNKSt6vectorIiSaIiEE5beginEv
FN:903,_ZNKSt6vectorIiSaIiEE3endEv
FNDA:0,_ZNKSt6vectorIiSaIiEE3endEv
FN:992,_ZNKSt6vectorIiSaIiEE4sizeEv
FNDA:29,_ZNKSt6vectorIiSaIiEE4sizeEv
FN:1128,_ZNSt6vectorIS_IiSaIiEESaIS1_EEixEy
FNDA:0,_ZNSt6vectorIS_IiSaIiEESaIS1_EEixEy
FN:1128,_ZNSt6vectorIiSaIiEEixEy
FNDA:357,_ZNSt6vectorIiSaIiEEixEy
FN:1706,_ZNSt6vectorIiSaIiEE18_M_fill_initializeEyRKi
FNDA:3,_ZNSt6vectorIiSaIiEE18_M_fill_initializeEyRKi
FN:1706,_ZNSt6vectorIS_IiSaIiEESaIS1_EE18_M_fill_initializeEyRKS1_
FNDA:0,_ZNSt6vectorIS_IiSaIiEESaIS1_EE18_M_fill_initializeEyRKS1_
FN:1717,_ZNSt6vectorIiSaIiEE21_M_default_initializeEy
FNDA:2,_ZNSt6vectorIiSaIiEE21_M_default_initializeEy
FN:1917,_ZNSt6vectorIiSaIiEE17_S_check_init_lenEyRKS0_
FNDA:5,_ZNSt6vectorIiSaIiEE17_S_check_init_lenEyRKS0_
FN:1917,_ZNSt6vectorIS_IiSaIiEESaIS1_EE17_S_check_init_lenEyRKS2_
FNDA:0,_ZNSt6vectorIS_IiSaIiEESaIS1_EE17_S_check_init_lenEyRKS2_
FN:1926,_ZNSt6vectorIiSaIiEE11_S_max_sizeERKS0_
FNDA:5,_ZNSt6vectorIiSaIiEE11_S_max_sizeERKS0_
FN:1926,_ZNSt6vectorIS_IiSaIiEESaIS1_EE11_S_max_sizeERKS2_
FNDA:0,_ZNSt6vectorIS_IiSaIiEESaIS1_EE11_S_max_sizeERKS2_
FNF:35
FNH:17
DA:98,0
DA:99,0
DA:100,0
DA:98,5
DA:99,5
DA:100,5
DA:145,0
DA:146,0
DA:147,0
DA:145,5
DA:146,5
DA:147,5
DA:300,0
DA:301,0
DA:300,10
DA:301,10
DA:305,0
DA:306,0
DA:332,0
DA:333,0
DA:334,0
DA:332,5
DA:333,5
DA:334,5
DA:366,0
DA:368,0
DA:369,0
DA:370,0
DA:366,5
DA:368,5
DA:369,5
DA:370,5
DA:377,0
DA:380,0
DA:377,5
DA:380,10
DA:385,0
DA:388,0
DA:389,0
DA:390,0
DA:385,5
DA:388,5
DA:389,5
DA:390,5
DA:396,0
DA:398,0
DA:399,0
DA:400,0
DA:401,0
DA:396,5
DA:398,5
DA:399,5
DA:400,5
DA:401,5
DA:556,2
DA:557,2
DA:558,2
DA:569,0
DA:571,0
DA:572,0
DA:569,3
DA:571,3
DA:572,3
DA:601,0
DA:603,0
DA:605,0
DA:606,0
DA:608,0
DA:609,0
DA:733,0
DA:735,0
DA:736,0
DA:738,0
DA:733,5
DA:735,5
DA:736,5
DA:738,5
DA:883,0
DA:884,0
DA:903,0
DA:904,0
DA:992,29
DA:993,29
DA:1128,0
DA:1131,0
DA:1128,357
DA:1131,357
DA:1706,0
DA:1708,0
DA:1709,0
DA:1710,0
DA:1711,0
DA:1706,3
DA:1708,3
DA:1709,3
DA:1710,3
DA:1711,3
DA:1717,2
DA:1719,2
DA:1720,2
DA:1721,2
DA:1722,2
DA:1917,0
DA:1919,0
DA:1920,0
DA:1922,0
DA:1917,5
DA:1919,5
DA:1920,0
DA:1922,5
DA:1926,0
DA:1931,0
DA:1933,0
DA:1934,0
DA:1926,5
DA:1931,5
DA:1933,5
DA:1934,5
LF:118
LH:57
end_of_record
SF:/c/msys64/mingw64/include/c++/14.2.0/bits/stl_iterator_base_funcs.h
DA:106,0
DA:151,0
DA:152,0
LF:3
LH:0
end_of_record
SF:/c/msys64/mingw64/include/c++/14.2.0/bits/stl_uninitialized.h
FN:145,_ZNSt20__uninitialized_copyILb1EE13__uninit_copyIN9__gnu_cxx17__normal_iteratorIPKiSt6vectorIiSaIiEEEEPiEET0_T_SC_SB_
FNDA:0,_ZNSt20__uninitialized_copyILb1EE13__uninit_copyIN9__gnu_cxx17__normal_iteratorIPKiSt6vectorIiSaIiEEEEPiEET0_T_SC_SB_
FN:163,_ZSt18uninitialized_copyIN9__gnu_cxx17__normal_iteratorIPKiSt6vectorIiSaIiEEEEPiET0_T_SA_S9_
FNDA:0,_ZSt18uninitialized_copyIN9__gnu_cxx17__normal_iteratorIPKiSt6vectorIiSaIiEEEEPiET0_T_SA_S9_
FN:261,_ZSt18__do_uninit_fill_nIPSt6vectorIiSaIiEEyS2_ET_S4_T0_RKT1_
FNDA:0,_ZSt18__do_uninit_fill_nIPSt6vectorIiSaIiEEyS2_ET_S4_T0_RKT1_
FN:282,_ZNSt22__uninitialized_fill_nILb0EE15__uninit_fill_nIPSt6vectorIiSaIiEEyS4_EET_S6_T0_RKT1_
FNDA:0,_ZNSt22__uninitialized_fill_nILb0EE15__uninit_fill_nIPSt6vectorIiSaIiEEyS4_EET_S6_T0_RKT1_
FN:292,_ZNSt22__uninitialized_fill_nILb1EE15__uninit_fill_nIPiyiEET_S3_T0_RKT1_
FNDA:3,_ZNSt22__uninitialized_fill_nILb1EE15__uninit_fill_nIPiyiEET_S3_T0_RKT1_
FN:312,_ZSt20uninitialized_fill_nIPSt6vectorIiSaIiEEyS2_ET_S4_T0_RKT1_
FNDA:0,_ZSt20uninitialized_fill_nIPSt6vectorIiSaIiEEyS2_ET_S4_T0_RKT1_
FN:312,_ZSt20uninitialized_fill_nIPiyiET_S1_T0_RKT1_
FNDA:3,_ZSt20uninitialized_fill_nIPiyiET_S1_T0_RKT1_
FN:366,_ZSt22__uninitialized_copy_aIN9__gnu_cxx17__normal_iteratorIPKiSt6vectorIiSaIiEEEEPiiET0_T_SA_S9_RSaIT1_E
FNDA:0,_ZSt22__uninitialized_copy_aIN9__gnu_cxx17__normal_iteratorIPKiSt6vectorIiSaIiEEEEPiiET0_T_SA_S9_RSaIT1_E
FN:465,_ZSt24__uninitialized_fill_n_aIPSt6vectorIiSaIiEEyS2_S2_ET_S4_T0_RKT1_RSaIT2_E
FNDA:0,_ZSt24__uninitialized_fill_n_aIPSt6vectorIiSaIiEEyS2_S2_ET_S4_T0_RKT1_RSaIT2_E
FN:465,_ZSt24__uninitialized_fill_n_aIPiyiiET_S1_T0_RKT1_RSaIT2_E
FNDA:3,_ZSt24__uninitialized_fill_n_aIPiyiiET_S1_T0_RKT1_RSaIT2_E
FN:660,_ZNSt27__uninitialized_default_n_1ILb1EE18__uninit_default_nIPiyEET_S3_T0_
FNDA:2,_ZNSt27__uninitialized_default_n_1ILb1EE18__uninit_default_nIPiyEET_S3_T0_
FN:696,_ZSt25__uninitialized_default_nIPiyET_S1_T0_
FNDA:2,_ZSt25__uninitialized_default_nIPiyET_S1_T0_
FN:777,_ZSt27__uninitialized_default_n_aIPiyiET_S1_T0_RSaIT1_E
FNDA:2,_ZSt27__uninitialized_default_n_aIPiyiET_S1_T0_RSaIT1_E
FNF:13
FNH:6
DA:145,0
DA:147,0
DA:163,0
DA:174,0
DA:181,0
DA:185,0
DA:261,0
DA:263,0
DA:266,0
DA:267,0
DA:268,0
DA:270,0
DA:272,0
DA:273,0
DA:282,0
DA:284,0
DA:292,3
DA:294,3
DA:312,0
DA:319,0
DA:327,0
DA:312,3
DA:319,3
DA:327,3
DA:366,0
DA:373,0
DA:465,0
DA:472,0
DA:465,3
DA:472,3
DA:660,2
DA:662,2
DA:665,2
DA:666,2
DA:667,2
DA:668,2
DA:670,2
DA:696,2
DA:707,2
DA:712,2
DA:777,2
DA:779,2
LF:42
LH:19
end_of_record
SF:/c/msys64/mingw64/include/c++/14.2.0/new
FN:179,_ZnwyPv
FNDA:2,_ZnwyPv
FN:185,_ZdlPvS_
FNDA:0,_ZdlPvS_
FNF:2
FNH:1
DA:179,2
DA:180,2
DA:185,0
LF:3
LH:2
end_of_record
SF:/c/Users/Shaque/Documents/GitHub/Evidencia-algoritmos/src/funciones.cpp
FN:14,_Z12leer_archivoRKNSt7__cxx1112basic_stringIcSt11char_traitsIcESaIcEEE
FNDA:0,_Z12leer_archivoRKNSt7__cxx1112basic_stringIcSt11char_traitsIcESaIcEEE
FN:30,_Z16procesar_z_blockRKNSt7__cxx1112basic_stringIcSt11char_traitsIcESaIcEEERSt6vectorIiSaIiEERiSB_i
FNDA:26,_Z16procesar_z_blockRKNSt7__cxx1112basic_stringIcSt11char_traitsIcESaIcEEERSt6vectorIiSaIiEERiSB_i
FN:39,_Z15ajustar_z_blockRKNSt7__cxx1112basic_stringIcSt11char_traitsIcESaIcEEERSt6vectorIiSaIiEERiSB_i
FNDA:4,_Z15ajustar_z_blockRKNSt7__cxx1112basic_stringIcSt11char_traitsIcESaIcEEERSt6vectorIiSaIiEERiSB_i
FN:48,_Z10calcular_zRKNSt7__cxx1112basic_stringIcSt11char_traitsIcESaIcEEE
FNDA:2,_Z10calcular_zRKNSt7__cxx1112basic_stringIcSt11char_traitsIcESaIcEEE
FN:63,_Z13buscar_patronRKNSt7__cxx1112basic_stringIcSt11char_traitsIcESaIcEEES6_Ri
FNDA:2,_Z13buscar_patronRKNSt7__cxx1112basic_stringIcSt11char_traitsIcESaIcEEES6_Ri
FN:76,_Z8manacherRKNSt7__cxx1112basic_stringIcSt11char_traitsIcESaIcEEERS4_
FNDA:3,_Z8manacherRKNSt7__cxx1112basic_stringIcSt11char_traitsIcESaIcEEERS4_
FN:120,_ZZ8manacherRKNSt7__cxx1112basic_stringIcSt11char_traitsIcESaIcEEERS4_ENKUlhE_clEh
FNDA:15,_ZZ8manacherRKNSt7__cxx1112basic_stringIcSt11char_traitsIcESaIcEEERS4_ENKUlhE_clEh
FN:128,_Z15sub_comun_largoRKNSt7__cxx1112basic_stringIcSt11char_traitsIcESaIcEEES6_RiS7_RS4_
FNDA:0,_Z15sub_comun_largoRKNSt7__cxx1112basic_stringIcSt11char_traitsIcESaIcEEES6_RiS7_RS4_
FNF:8
FNH:6
DA:14,0
DA:15,0
DA:16,0
DA:17,0
DA:19,0
DA:20,0
DA:21,0
DA:23,0
DA:25,0
DA:27,0
DA:28,0
DA:30,26
DA:31,26
DA:32,32
DA:33,6
DA:35,26
DA:36,26
DA:37,26
DA:39,4
DA:40,4
DA:41,4
DA:42,4
DA:44,0
DA:46,4
DA:48,2
DA:49,2
DA:50,2
DA:51,2
DA:53,32
DA:54,30
DA:55,26
DA:57,4
DA:60,2
DA:63,2
DA:64,2
DA:65,2
DA:67,29
DA:68,28
DA:69,1
DA:70,1
DA:73,1
DA:74,2
DA:76,3
DA:77,3
DA:78,3
DA:79,22
DA:80,19
DA:81,19
DA:83,3
DA:85,3
DA:86,3
DA:87,3
DA:89,44
DA:90,41
DA:91,41
DA:92,14
DA:95,67
DA:96,26
DA:99,41
DA:100,15
DA:101,15
DA:105,3
DA:106,3
DA:107,44
DA:108,41
DA:109,6
DA:110,6
DA:114,3
DA:115,3
DA:117,3
DA:120,3
DA:121,15
DA:123,3
DA:125,6
DA:126,3
DA:128,0
DA:129,0
DA:130,0
DA:131,0
DA:133,0
DA:134,0
DA:135,0
DA:137,0
DA:138,0
DA:139,0
DA:140,0
DA:141,0
DA:142,0
DA:143,0
DA:144,0
DA:145,0
DA:150,0
LF:92
LH:63
end_of_record
SF:/c/msys64/mingw64/include/c++/14.2.0/bits/stl_construct.h
FN:109,_ZSt10_ConstructISt6vectorIiSaIiEEJRKS2_EEvPT_DpOT0_
FNDA:0,_ZSt10_ConstructISt6vectorIiSaIiEEJRKS2_EEvPT_DpOT0_
FN:109,_ZSt10_ConstructIiJEEvPT_DpOT0_
FNDA:2,_ZSt10_ConstructIiJEEvPT_DpOT0_
FN:146,_ZSt8_DestroyISt6vectorIiSaIiEEEvPT_
FNDA:0,_ZSt8_DestroyISt6vectorIiSaIiEEEvPT_
FN:160,_ZNSt12_Destroy_auxILb0EE9__destroyIPSt6vectorIiSaIiEEEEvT_S6_
FNDA:0,_ZNSt12_Destroy_auxILb0EE9__destroyIPSt6vectorIiSaIiEEEEvT_S6_
FN:172,_ZNSt12_Destroy_auxILb1EE9__destroyIPiEEvT_S3_
FNDA:5,_ZNSt12_Destroy_auxILb1EE9__destroyIPiEEvT_S3_
FN:182,_ZSt8_DestroyIPSt6vectorIiSaIiEEEvT_S4_
FNDA:0,_ZSt8_DestroyIPSt6vectorIiSaIiEEEvT_S4_
FN:182,_ZSt8_DestroyIPiEvT_S1_
FNDA:5,_ZSt8_DestroyIPiEvT_S1_
FNF:7
FNH:3
DA:109,0
DA:119,0
DA:120,0
DA:109,2
DA:119,2
DA:120,2
DA:146,0
DA:151,0
DA:153,0
DA:160,0
DA:162,0
DA:163,0
DA:164,0
DA:172,5
DA:182,0
DA:196,0
DA:197,0
DA:182,5
DA:196,5
DA:197,5
LF:20
LH:7
end_of_record
SF:/c/msys64/mingw64/include/c++/14.2.0/bits/move.h
FN:51,_ZSt11__addressofIiEPT_RS0_
FNDA:2,_ZSt11__addressofIiEPT_RS0_
FN:51,_ZSt11__addressofISt6vectorIiSaIiEEEPT_RS3_
FNDA:0,_ZSt11__addressofISt6vectorIiSaIiEEEPT_RS3_
FN:70,_ZSt7forwardIRKSt6vectorIiSaIiEEEOT_RNSt16remove_referenceIS5_E4typeE
FNDA:0,_ZSt7forwardIRKSt6vectorIiSaIiEEEOT_RNSt16remove_referenceIS5_E4typeE
FN:70,_ZSt7forwardIiEOT_RNSt16remove_referenceIS0_E4typeE
FNDA:0,_ZSt7forwardIiEOT_RNSt16remove_referenceIS0_E4typeE
FN:126,_ZSt4moveIRcEONSt16remove_referenceIT_E4typeEOS2_
FNDA:0,_ZSt4moveIRcEONSt16remove_referenceIT_E4typeEOS2_
FN:126,_ZSt4moveIRZ8manacherRKNSt7__cxx1112basic_stringIcSt11char_traitsIcESaIcEEERS5_EUlhE_EONSt16remove_referenceIT_E4typeEOSC_
FNDA:6,_ZSt4moveIRZ8manacherRKNSt7__cxx1112basic_stringIcSt11char_traitsIcESaIcEEERS5_EUlhE_EONSt16remove_referenceIT_E4typeEOSC_
FN:126,_ZSt4moveIRNSt7__cxx1112basic_stringIcSt11char_traitsIcESaIcEEEEONSt16remove_referenceIT_E4typeEOS8_
FNDA:2,_ZSt4moveIRNSt7__cxx1112basic_stringIcSt11char_traitsIcESaIcEEEEONSt16remove_referenceIT_E4typeEOS8_
FN:126,_ZSt4moveIRSaIcEEONSt16remove_referenceIT_E4typeEOS3_
FNDA:0,_ZSt4moveIRSaIcEEONSt16remove_referenceIT_E4typeEOS3_
FNF:8
FNH:3
DA:51,2
DA:52,2
DA:51,0
DA:52,0
DA:70,0
DA:71,0
DA:70,0
DA:71,0
DA:126,0
DA:127,0
DA:126,6
DA:127,6
DA:126,2
DA:127,2
DA:126,0
DA:127,0
LF:16
LH:6
end_of_record
SF:/c/msys64/mingw64/include/c++/14.2.0/bits/allocator.h
DA:161,8
DA:166,12
DA:182,17
LF:3
LH:3
end_of_record
TN:
SF:/c/msys64/mingw64/include/c++/14.2.0/bits/new_allocator.h
FN:104,_ZNSt15__new_allocatorIcED2Ev
FNDA:10,_ZNSt15__new_allocatorIcED2Ev
FNF:1
FNH:1
DA:88,3
DA:104,10
LF:2
LH:2
end_of_record
SF:/c/msys64/mingw64/include/c++/14.2.0/bits/basic_string.h
FN:646,_ZNSt7__cxx1112basic_stringIcSt11char_traitsIcESaIcEEC1IS3_EEPKcRKS3_
FNDA:6,_ZNSt7__cxx1112basic_stringIcSt11char_traitsIcESaIcEEC1IS3_EEPKcRKS3_
FN:3772,_ZSteqIcSt11char_traitsIcESaIcEEbRKNSt7__cxx1112basic_stringIT_T0_T1_EEPKS5_
FNDA:3,_ZSteqIcSt11char_traitsIcESaIcEEbRKNSt7__cxx1112basic_stringIT_T0_T1_EEPKS5_
FNF:2
FNH:2
DA:360,6
DA:646,6
DA:647,6
DA:650,6
DA:651,0
DA:653,6
DA:654,6
DA:655,6
DA:3772,3
DA:3775,3
DA:3776,3
LF:11
LH:10
end_of_record
SF:/c/msys64/mingw64/include/c++/14.2.0/bits/stl_iterator_base_types.h
DA:240,6
LF:1
LH:1
end_of_record
SF:/c/msys64/mingw64/include/c++/14.2.0/bits/char_traits.h
FN:136,_ZN9__gnu_cxx11char_traitsIcE2eqERKcS3_
FNDA:0,_ZN9__gnu_cxx11char_traitsIcE2eqERKcS3_
FN:199,_ZN9__gnu_cxx11char_traitsIcE6lengthEPKc
FNDA:0,_ZN9__gnu_cxx11char_traitsIcE6lengthEPKc
FN:358,_ZNSt11char_traitsIcE2ltERKcS2_
FNDA:0,_ZNSt11char_traitsIcE2ltERKcS2_
FN:366,_ZNSt11char_traitsIcE7compareEPKcS2_y
FNDA:3,_ZNSt11char_traitsIcE7compareEPKcS2_y
FN:385,_ZNSt11char_traitsIcE6lengthEPKc
FNDA:11,_ZNSt11char_traitsIcE6lengthEPKc
FNF:5
FNH:2
DA:136,0
DA:137,0
DA:199,0
DA:202,0
DA:203,0
DA:204,0
DA:205,0
DA:358,0
DA:361,0
DA:362,0
DA:366,3
DA:368,3
DA:369,0
DA:371,3
DA:373,0
DA:374,0
DA:375,0
DA:376,0
DA:377,0
DA:378,0
DA:381,3
DA:385,11
DA:388,11
DA:389,0
DA:391,11
LF:25
LH:7
end_of_record
SF:/c/msys64/mingw64/include/c++/14.2.0/bits/basic_string.tcc
FN:221,_ZNSt7__cxx1112basic_stringIcSt11char_traitsIcESaIcEE12_M_constructIPKcEEvT_S8_St20forward_iterator_tag
FNDA:6,_ZNSt7__cxx1112basic_stringIcSt11char_traitsIcESaIcEE12_M_constructIPKcEEvT_S8_St20forward_iterator_tag
FN:239,_ZZNSt7__cxx1112basic_stringIcSt11char_traitsIcESaIcEE12_M_constructIPKcEEvT_S8_St20forward_iterator_tagEN6_GuardC1EPS4_
FNDA:6,_ZZNSt7__cxx1112basic_stringIcSt11char_traitsIcESaIcEE12_M_constructIPKcEEvT_S8_St20forward_iterator_tagEN6_GuardC1EPS4_
FN:242,_ZZNSt7__cxx1112basic_stringIcSt11char_traitsIcESaIcEE12_M_constructIPKcEEvT_S8_St20forward_iterator_tagEN6_GuardD1Ev
FNDA:6,_ZZNSt7__cxx1112basic_stringIcSt11char_traitsIcESaIcEE12_M_constructIPKcEEvT_S8_St20forward_iterator_tagEN6_GuardD1Ev
FNF:3
FNH:3
DA:221,6
DA:225,6
DA:227,6
DA:229,0
DA:230,0
DA:239,6
DA:242,6
DA:245,6
DA:247,6
DA:249,6
DA:251,6
DA:252,6
LF:12
LH:10
end_of_record
SF:/c/msys64/mingw64/include/c++/14.2.0/bits/stl_pair.h
FN:931,_ZNSt4pairIiiEaSEOS0_
FNDA:2,_ZNSt4pairIiiEaSEOS0_
FNF:1
FNH:1
DA:931,2
DA:937,2
DA:938,2
DA:939,2
LF:4
LH:4
end_of_record
SF:/c/msys64/mingw64/include/c++/14.2.0/x86_64-w64-mingw32/bits/c++config.h
DA:550,14
LF:1
LH:1
end_of_record
SF:/c/msys64/mingw64/include/c++/14.2.0/bits/stl_iterator_base_funcs.h
DA:106,6
DA:151,12
DA:152,12
LF:3
LH:3
end_of_record
SF:/c/msys64/mingw64/include/c++/14.2.0/bits/move.h
FN:70,_ZSt7forwardIiEOT_RNSt16remove_referenceIS0_E4typeE
FNDA:10,_ZSt7forwardIiEOT_RNSt16remove_referenceIS0_E4typeE
FN:126,_ZSt4moveIRSaIcEEONSt16remove_referenceIT_E4typeEOS3_
FNDA:0,_ZSt4moveIRSaIcEEONSt16remove_referenceIT_E4typeEOS3_
FNF:2
FNH:1
DA:70,10
DA:71,10
DA:126,0
DA:127,0
LF:4
LH:2
end_of_record
SF:/c/msys64/mingw64/include/c++/14.2.0/bits/allocator.h
DA:161,3
DA:182,3
LF:2
LH:2
end_of_record
SF:/c/Users/Shaque/Documents/GitHub/Evidencia-algoritmos/tests/test.cpp
FN:8,_Z18test_buscar_patronv
FNDA:1,_Z18test_buscar_patronv
FN:23,_Z13test_manacherv
FNDA:1,_Z13test_manacherv
FN:44,main
FNDA:1,main
FNF:3
FNH:3
DA:8,1
DA:10,2
DA:11,1
DA:13,1
DA:14,1
DA:15,1
DA:18,1
DA:19,1
DA:20,1
DA:21,1
DA:23,1
DA:25,1
DA:26,1
DA:27,1
DA:28,1
DA:29,1
DA:32,1
DA:33,1
DA:34,1
DA:35,1
DA:38,1
DA:39,1
DA:40,1
DA:41,1
DA:42,1
DA:44,1
DA:45,1
DA:46,1
DA:47,1
DA:48,1
LF:30
LH:30
end_of_record
